#
# There is insufficient memory for the Java Runtime Environment to continue.
# Native memory allocation (mmap) failed to map 266338304 bytes for Failed to commit area from 0x0000000702600000 to 0x0000000712400000 of length 266338304.
# Possible reasons:
#   The system is out of physical RAM or swap space
#   The process is running with CompressedOops enabled, and the Java Heap may be blocking the growth of the native heap
# Possible solutions:
#   Reduce memory load on the system
#   Increase physical memory or swap space
#   Check if swap backing store is full
#   Decrease Java heap size (-Xmx/-Xms)
#   Decrease number of Java threads
#   Decrease Java thread stack sizes (-Xss)
#   Set larger code cache with -XX:ReservedCodeCacheSize=
# This output file may be truncated or incomplete.
#
#  Out of Memory Error (./open/src/hotspot/os/windows/os_windows.cpp:3271), pid=79740, tid=62956
#
# JRE version:  (11.0.7+8) (build )
# Java VM: Java HotSpot(TM) 64-Bit Server VM (11.0.7+8-LTS, mixed mode, sharing, tiered, compressed oops, g1 gc, windows-amd64)
# No core dump will be written. Minidumps are not enabled by default on client versions of Windows
#

---------------  S U M M A R Y ------------

Command Line: -javaagent:C:\Program Files\JetBrains\IntelliJ IDEA 2020.1.3\lib\idea_rt.jar=53335:C:\Program Files\JetBrains\IntelliJ IDEA 2020.1.3\bin -Dfile.encoding=UTF-8 com.javastudio.tutorial.postgresql.Application

Host: Intel(R) Core(TM) i5-8500T CPU @ 2.10GHz, 6 cores, 15G,  Windows 10 , 64 bit Build 19041 (10.0.19041.292)
Time: Sun Aug  2 04:18:28 2020 Pacific Daylight Time elapsed time: 0 seconds (0d 0h 0m 0s)

---------------  T H R E A D  ---------------

Current thread (0x0000012f8a537800):  JavaThread "Unknown thread" [_thread_in_vm, id=62956, stack(0x0000002747800000,0x0000002747900000)]

Stack: [0x0000002747800000,0x0000002747900000]
Native frames: (J=compiled Java code, j=interpreted, Vv=VM code, C=native code)
V  [jvm.dll+0x661a7a]
V  [jvm.dll+0x7a1b2f]
V  [jvm.dll+0x7a31d5]
V  [jvm.dll+0x7a3843]
V  [jvm.dll+0x25f1a8]
V  [jvm.dll+0x65ee8a]
V  [jvm.dll+0x653865]
V  [jvm.dll+0x316adc]
V  [jvm.dll+0x316962]
V  [jvm.dll+0x31c1d6]
V  [jvm.dll+0x3688af]
V  [jvm.dll+0x3682d0]
V  [jvm.dll+0x2f3888]
V  [jvm.dll+0x2f49e6]
V  [jvm.dll+0x77ac57]
V  [jvm.dll+0x77c52f]
V  [jvm.dll+0x3755a9]
V  [jvm.dll+0x75fe6e]
V  [jvm.dll+0x3e5b7d]
V  [jvm.dll+0x3e8091]
C  [java.exe+0x3607]
C  [java.exe+0x178dc]
C  [KERNEL32.DLL+0x16fd4]
C  [ntdll.dll+0x4cec1]


---------------  P R O C E S S  ---------------

Threads class SMR info:
_java_thread_list=0x0000012f88b02100, length=0, elements={
}

Java Threads: ( => current thread )

Other Threads:
  0x0000012f8a550800 GCTaskThread "GC Thread#0" [stack: 0x0000002747900000,0x0000002747a00000] [id=58756]
  0x0000012f8a5af000 ConcurrentGCThread "G1 Main Marker" [stack: 0x0000002747a00000,0x0000002747b00000] [id=8720]
  0x0000012f8a5b0800 ConcurrentGCThread "G1 Conc#0" [stack: 0x0000002747b00000,0x0000002747c00000] [id=29704]

[error occurred during error reporting (printing all threads), id 0xc0000005, EXCEPTION_ACCESS_VIOLATION (0xc0000005) at pc=0x00007ffc35be2047]

VM state:not at safepoint (not fully initialized)

VM Mutex/Monitor currently owned by a thread:  ([mutex/lock_event])
[0x0000012f8a534320] Heap_lock - owner thread: 0x0000012f8a537800

Heap address: 0x0000000702600000, size: 4058 MB, Compressed Oops mode: Non-zero based: 0x0000000702600000
Narrow klass base: 0x0000000000000000, Narrow klass shift: 0

GC Heap History (0 events):
No events

Deoptimization events (0 events):
No events

Classes redefined (0 events):
No events

Internal exceptions (0 events):
No events

Events (0 events):
No events


Dynamic libraries:
0x00007ff614870000 - 0x00007ff6148b7000 	C:\Program Files\Java\jdk-11.0.7\bin\java.exe
0x00007ffc877d0000 - 0x00007ffc879c4000 	C:\Windows\SYSTEM32\ntdll.dll
0x00007ffc86a70000 - 0x00007ffc86b2d000 	C:\Windows\System32\KERNEL32.DLL
0x00007ffc84fc0000 - 0x00007ffc85287000 	C:\Windows\System32\KERNELBASE.dll
0x00007ffc86c70000 - 0x00007ffc86d1a000 	C:\Windows\System32\ADVAPI32.dll
0x00007ffc85d90000 - 0x00007ffc85e2e000 	C:\Windows\System32\msvcrt.dll
0x00007ffc86bd0000 - 0x00007ffc86c6b000 	C:\Windows\System32\sechost.dll
0x00007ffc86ed0000 - 0x00007ffc86ff3000 	C:\Windows\System32\RPCRT4.dll
0x00007ffc87470000 - 0x00007ffc87610000 	C:\Windows\System32\USER32.dll
0x00007ffc85470000 - 0x00007ffc85492000 	C:\Windows\System32\win32u.dll
0x00007ffc86ba0000 - 0x00007ffc86bca000 	C:\Windows\System32\GDI32.dll
0x00007ffc85700000 - 0x00007ffc8580a000 	C:\Windows\System32\gdi32full.dll
0x00007ffc84ef0000 - 0x00007ffc84f8d000 	C:\Windows\System32\msvcp_win.dll
0x00007ffc85310000 - 0x00007ffc85410000 	C:\Windows\System32\ucrtbase.dll
0x00007ffc72c40000 - 0x00007ffc72eda000 	C:\Windows\WinSxS\amd64_microsoft.windows.common-controls_6595b64144ccf1df_6.0.19041.1_none_b555e41d4684ddec\COMCTL32.dll
0x00007ffc7f2b0000 - 0x00007ffc7f2ba000 	C:\Windows\SYSTEM32\VERSION.dll
0x00007ffc86280000 - 0x00007ffc862b0000 	C:\Windows\System32\IMM32.DLL
0x00007ffc58f80000 - 0x00007ffc58f96000 	C:\Program Files\Java\jdk-11.0.7\bin\vcruntime140.dll
0x00007ffc4eff0000 - 0x00007ffc4f09a000 	C:\Program Files\Java\jdk-11.0.7\bin\msvcp140.dll
0x00007ffc358e0000 - 0x00007ffc36441000 	C:\Program Files\Java\jdk-11.0.7\bin\server\jvm.dll
0x00007ffc85e30000 - 0x00007ffc85e38000 	C:\Windows\System32\PSAPI.DLL
0x00007ffc69f20000 - 0x00007ffc69f47000 	C:\Windows\SYSTEM32\WINMM.dll
0x00007ffc7ac80000 - 0x00007ffc7ac89000 	C:\Windows\SYSTEM32\WSOCK32.dll
0x00007ffc85d20000 - 0x00007ffc85d8b000 	C:\Windows\System32\WS2_32.dll
0x00007ffc82e60000 - 0x00007ffc82e73000 	C:\Windows\SYSTEM32\kernel.appcore.dll
0x00007ffc58f60000 - 0x00007ffc58f71000 	C:\Program Files\Java\jdk-11.0.7\bin\verify.dll
0x00007ffc69010000 - 0x00007ffc691f4000 	C:\Windows\SYSTEM32\DBGHELP.DLL
0x00007ffc68aa0000 - 0x00007ffc68acc000 	C:\Windows\SYSTEM32\dbgcore.DLL
0x00007ffc85290000 - 0x00007ffc8530f000 	C:\Windows\System32\bcryptPrimitives.dll
0x00007ffc550e0000 - 0x00007ffc55109000 	C:\Program Files\Java\jdk-11.0.7\bin\java.dll
0x00007ffc5c620000 - 0x00007ffc5c62a000 	C:\Program Files\Java\jdk-11.0.7\bin\jimage.dll
0x00007ffc5eeb0000 - 0x00007ffc5eee0000 	C:\Program Files\Java\jdk-11.0.7\bin\instrument.dll
0x00007ffc551b0000 - 0x00007ffc551c6000 	C:\Program Files\Java\jdk-11.0.7\bin\zip.dll

dbghelp: loaded successfully - version: 4.0.5 - missing functions: none
symbol engine: initialized successfully - sym options: 0x614 - pdb path: .;C:\Program Files\Java\jdk-11.0.7\bin;C:\Windows\SYSTEM32;C:\Windows\WinSxS\amd64_microsoft.windows.common-controls_6595b64144ccf1df_6.0.19041.1_none_b555e41d4684ddec;C:\Program Files\Java\jdk-11.0.7\bin\server

VM Arguments:
jvm_args: -javaagent:C:\Program Files\JetBrains\IntelliJ IDEA 2020.1.3\lib\idea_rt.jar=53335:C:\Program Files\JetBrains\IntelliJ IDEA 2020.1.3\bin -Dfile.encoding=UTF-8 
java_command: com.javastudio.tutorial.postgresql.Application
java_class_path (initial): C:\Users\ho.mohammadi\workspace\github.com\husseinmuhammadi\postgresql\postgresql-function-raise-exception\target\classes;C:\Users\ho.mohammadi\.m2\repository\org\postgresql\postgresql\42.2.14\postgresql-42.2.14.jar;C:\Users\ho.mohammadi\.m2\repository\org\slf4j\slf4j-api\1.7.25\slf4j-api-1.7.25.jar;C:\Users\ho.mohammadi\.m2\repository\ch\qos\logback\logback-classic\1.2.3\logback-classic-1.2.3.jar;C:\Users\ho.mohammadi\.m2\repository\ch\qos\logback\logback-core\1.2.3\logback-core-1.2.3.jar
Launcher Type: SUN_STANDARD

[Global flags]
     intx CICompilerCount                          = 3                                         {product} {ergonomic}
     uint ConcGCThreads                            = 2                                         {product} {ergonomic}
     uint G1ConcRefinementThreads                  = 6                                         {product} {ergonomic}
   size_t G1HeapRegionSize                         = 1048576                                   {product} {ergonomic}
    uintx GCDrainStackTargetSize                   = 64                                        {product} {ergonomic}
   size_t InitialHeapSize                          = 266338304                                 {product} {ergonomic}
   size_t MarkStackSize                            = 4194304                                   {product} {ergonomic}
   size_t MaxHeapSize                              = 4255121408                                {product} {ergonomic}
   size_t MinHeapDeltaBytes                        = 1048576                                   {product} {ergonomic}
    uintx NonNMethodCodeHeapSize                   = 5830732                                {pd product} {ergonomic}
    uintx NonProfiledCodeHeapSize                  = 122913754                              {pd product} {ergonomic}
    uintx ProfiledCodeHeapSize                     = 122913754                              {pd product} {ergonomic}
    uintx ReservedCodeCacheSize                    = 251658240                              {pd product} {ergonomic}
     bool SegmentedCodeCache                       = true                                      {product} {ergonomic}
     bool UseCompressedClassPointers               = true                                 {lp64_product} {ergonomic}
     bool UseCompressedOops                        = true                                 {lp64_product} {ergonomic}
     bool UseG1GC                                  = true                                      {product} {ergonomic}
     bool UseLargePagesIndividualAllocation        = false                                  {pd product} {ergonomic}

Logging:
Log output configuration:
 #0: stdout all=warning uptime,level,tags
 #1: stderr all=off uptime,level,tags

Environment Variables:
JAVA_HOME=C:\Program Files\Java\jdk-11.0.7
PATH=C:\Program Files\Microsoft MPI\Bin\;C:\Program Files (x86)\Common Files\Oracle\Java\javapath;C:\Windows\system32;C:\Windows;C:\Windows\System32\Wbem;C:\Windows\System32\WindowsPowerShell\v1.0\;C:\Windows\System32\OpenSSH\;C:\Program Files\nodejs\;C:\Program Files (x86)\Microsoft SQL Server\150\DTS\Binn\;C:\Program Files (x86)\Microsoft SQL Server\150\Tools\Binn\;C:\Program Files\Microsoft SQL Server\150\Tools\Binn\;C:\Program Files\Microsoft SQL Server\150\DTS\Binn\;C:\Program Files\Microsoft SQL Server\Client SDK\ODBC\170\Tools\Binn\;C:\Program Files\PuTTY\;C:\Program Files\Docker\Docker\resources\bin;C:\ProgramData\DockerDesktop\version-bin;C:\Program Files\Git\cmd;C:\Users\ho.mohammadi\AppData\Local\Microsoft\WindowsApps;C:\Users\ho.mohammadi\AppData\Local\Programs\Microsoft VS Code\bin;C:\Users\ho.mohammadi\AppData\Roaming\npm;C:\Users\ho.mohammadi\apache-maven-3.6.3\bin;
USERNAME=Ho.Mohammadi
OS=Windows_NT
PROCESSOR_IDENTIFIER=Intel64 Family 6 Model 158 Stepping 10, GenuineIntel



---------------  S Y S T E M  ---------------

OS: Windows 10 , 64 bit Build 19041 (10.0.19041.292)

CPU:total 6 (initial active 6) (6 cores per cpu, 1 threads per core) family 6 model 158 stepping 10, cmov, cx8, fxsr, mmx, sse, sse2, sse3, ssse3, sse4.1, sse4.2, popcnt, avx, avx2, aes, clmul, erms, rtm, 3dnowpref, lzcnt, tsc, tscinvbit, bmi1, bmi2, adx, fma

Memory: 4k page, system-wide physical 16227M (1942M free)
TotalPageFile size 33868M (AvailPageFile size 100M)
current process WorkingSet (physical memory assigned to process): 10M, peak: 10M
current process commit charge ("private bytes"): 56M, peak: 310M

vm_info: Java HotSpot(TM) 64-Bit Server VM (11.0.7+8-LTS) for windows-amd64 JRE (11.0.7+8-LTS), built on Mar 12 2020 02:04:32 by "mach5one" with MS VC++ 15.5 (VS2017)

END.
